{"contracts/raffle.sol":{"l":{"62":3,"63":3,"64":3,"65":3,"66":3,"67":3,"68":3,"69":3,"73":5,"74":1,"76":4,"77":1,"79":3,"80":3,"102":1,"103":1,"104":1,"105":1,"106":1,"112":1,"113":1,"114":0,"121":1,"122":1,"129":1,"136":0,"137":0,"138":0,"139":0,"140":0,"141":0,"142":0,"143":0,"144":0,"146":0,"151":5,"155":1,"159":0,"163":1,"167":0,"171":0,"175":0,"179":5,"183":0},"path":"/home/niksome/hh-fcc/hardhat-smart-contract-lottery/contracts/raffle.sol","s":{"1":3,"2":3,"3":3,"4":3,"5":3,"6":3,"7":3,"8":3,"9":5,"10":4,"11":3,"12":3,"13":1,"14":1,"15":1,"16":1,"17":1,"18":1,"19":1,"20":1,"21":1,"22":1,"23":0,"24":0,"25":0,"26":0,"27":0,"28":0,"29":0,"30":0,"31":0,"32":5,"33":1,"34":0,"35":1,"36":0,"37":0,"38":0,"39":5,"40":0},"b":{"1":[1,4],"2":[1,3],"3":[0,1],"4":[0,0]},"f":{"1":3,"2":5,"3":1,"4":1,"5":0,"6":5,"7":1,"8":0,"9":1,"10":0,"11":0,"12":0,"13":5,"14":0},"fnMap":{"1":{"name":"constructor","line":61,"loc":{"start":{"line":54,"column":4},"end":{"line":70,"column":4}}},"2":{"name":"enterRaffle","line":72,"loc":{"start":{"line":72,"column":4},"end":{"line":81,"column":4}}},"3":{"name":"checkUpkeep","line":92,"loc":{"start":{"line":92,"column":4},"end":{"line":107,"column":4}}},"4":{"name":"performUpkeep","line":109,"loc":{"start":{"line":109,"column":4},"end":{"line":130,"column":4}}},"5":{"name":"fulfillRandomWords","line":132,"loc":{"start":{"line":132,"column":4},"end":{"line":147,"column":4}}},"6":{"name":"getEnteranceFee","line":150,"loc":{"start":{"line":150,"column":4},"end":{"line":152,"column":4}}},"7":{"name":"getPlayer","line":154,"loc":{"start":{"line":154,"column":4},"end":{"line":156,"column":4}}},"8":{"name":"getRecentWinner","line":158,"loc":{"start":{"line":158,"column":4},"end":{"line":160,"column":4}}},"9":{"name":"getRaffleState","line":162,"loc":{"start":{"line":162,"column":4},"end":{"line":164,"column":4}}},"10":{"name":"getNumWords","line":166,"loc":{"start":{"line":166,"column":4},"end":{"line":168,"column":4}}},"11":{"name":"getRequestConfirmations","line":170,"loc":{"start":{"line":170,"column":4},"end":{"line":172,"column":4}}},"12":{"name":"getLastTimeStamp","line":174,"loc":{"start":{"line":174,"column":4},"end":{"line":176,"column":4}}},"13":{"name":"getInterval","line":178,"loc":{"start":{"line":178,"column":4},"end":{"line":180,"column":4}}},"14":{"name":"getNumberOfPlayers","line":182,"loc":{"start":{"line":182,"column":4},"end":{"line":184,"column":4}}}},"statementMap":{"1":{"start":{"line":62,"column":8},"end":{"line":62,"column":36}},"2":{"start":{"line":63,"column":8},"end":{"line":63,"column":69}},"3":{"start":{"line":64,"column":8},"end":{"line":64,"column":26}},"4":{"start":{"line":65,"column":8},"end":{"line":65,"column":40}},"5":{"start":{"line":66,"column":8},"end":{"line":66,"column":44}},"6":{"start":{"line":67,"column":8},"end":{"line":67,"column":39}},"7":{"start":{"line":68,"column":8},"end":{"line":68,"column":40}},"8":{"start":{"line":69,"column":8},"end":{"line":69,"column":28}},"9":{"start":{"line":73,"column":8},"end":{"line":73,"column":2358}},"10":{"start":{"line":76,"column":8},"end":{"line":76,"column":2460}},"11":{"start":{"line":79,"column":8},"end":{"line":79,"column":42}},"12":{"start":{"line":80,"column":8},"end":{"line":80,"column":36}},"13":{"start":{"line":102,"column":8},"end":{"line":102,"column":57}},"14":{"start":{"line":103,"column":8},"end":{"line":103,"column":76}},"15":{"start":{"line":104,"column":8},"end":{"line":104,"column":48}},"16":{"start":{"line":105,"column":8},"end":{"line":105,"column":53}},"17":{"start":{"line":106,"column":8},"end":{"line":106,"column":72}},"18":{"start":{"line":112,"column":8},"end":{"line":112,"column":47}},"19":{"start":{"line":113,"column":8},"end":{"line":113,"column":3727}},"20":{"start":{"line":121,"column":8},"end":{"line":121,"column":46}},"21":{"start":{"line":122,"column":8},"end":{"line":122,"column":3988}},"22":{"start":{"line":129,"column":8},"end":{"line":129,"column":45}},"23":{"start":{"line":136,"column":8},"end":{"line":136,"column":65}},"24":{"start":{"line":137,"column":8},"end":{"line":137,"column":63}},"25":{"start":{"line":138,"column":8},"end":{"line":138,"column":36}},"26":{"start":{"line":139,"column":8},"end":{"line":139,"column":39}},"27":{"start":{"line":140,"column":8},"end":{"line":140,"column":43}},"28":{"start":{"line":141,"column":8},"end":{"line":141,"column":40}},"29":{"start":{"line":142,"column":8},"end":{"line":142,"column":79}},"30":{"start":{"line":143,"column":8},"end":{"line":143,"column":4769}},"31":{"start":{"line":146,"column":8},"end":{"line":146,"column":39}},"32":{"start":{"line":151,"column":8},"end":{"line":151,"column":29}},"33":{"start":{"line":155,"column":8},"end":{"line":155,"column":31}},"34":{"start":{"line":159,"column":8},"end":{"line":159,"column":29}},"35":{"start":{"line":163,"column":8},"end":{"line":163,"column":28}},"36":{"start":{"line":167,"column":8},"end":{"line":167,"column":24}},"37":{"start":{"line":171,"column":8},"end":{"line":171,"column":36}},"38":{"start":{"line":175,"column":8},"end":{"line":175,"column":30}},"39":{"start":{"line":179,"column":8},"end":{"line":179,"column":25}},"40":{"start":{"line":183,"column":8},"end":{"line":183,"column":31}}},"branchMap":{"1":{"line":73,"type":"if","locations":[{"start":{"line":73,"column":8},"end":{"line":73,"column":8}},{"start":{"line":73,"column":8},"end":{"line":73,"column":8}}]},"2":{"line":76,"type":"if","locations":[{"start":{"line":76,"column":8},"end":{"line":76,"column":8}},{"start":{"line":76,"column":8},"end":{"line":76,"column":8}}]},"3":{"line":113,"type":"if","locations":[{"start":{"line":113,"column":8},"end":{"line":113,"column":8}},{"start":{"line":113,"column":8},"end":{"line":113,"column":8}}]},"4":{"line":143,"type":"if","locations":[{"start":{"line":143,"column":8},"end":{"line":143,"column":8}},{"start":{"line":143,"column":8},"end":{"line":143,"column":8}}]}}},"contracts/test/VRFCoordinatorV2Mock.sol":{"l":{},"path":"/home/niksome/hh-fcc/hardhat-smart-contract-lottery/contracts/test/VRFCoordinatorV2Mock.sol","s":{},"b":{},"f":{},"fnMap":{},"statementMap":{},"branchMap":{}}}