TN:
SF:/home/niksome/hh-fcc/hardhat-smart-contract-lottery/contracts/raffle.sol
FN:61,constructor
FN:72,enterRaffle
FN:92,checkUpkeep
FN:109,performUpkeep
FN:132,fulfillRandomWords
FN:150,getEnteranceFee
FN:154,getPlayer
FN:158,getRecentWinner
FN:162,getRaffleState
FN:166,getNumWords
FN:170,getRequestConfirmations
FN:174,getLastTimeStamp
FN:178,getInterval
FN:182,getNumberOfPlayers
FNF:14
FNH:8
FNDA:3,constructor
FNDA:5,enterRaffle
FNDA:1,checkUpkeep
FNDA:1,performUpkeep
FNDA:0,fulfillRandomWords
FNDA:5,getEnteranceFee
FNDA:1,getPlayer
FNDA:0,getRecentWinner
FNDA:1,getRaffleState
FNDA:0,getNumWords
FNDA:0,getRequestConfirmations
FNDA:0,getLastTimeStamp
FNDA:5,getInterval
FNDA:0,getNumberOfPlayers
DA:62,3
DA:63,3
DA:64,3
DA:65,3
DA:66,3
DA:67,3
DA:68,3
DA:69,3
DA:73,5
DA:74,1
DA:76,4
DA:77,1
DA:79,3
DA:80,3
DA:102,1
DA:103,1
DA:104,1
DA:105,1
DA:106,1
DA:112,1
DA:113,1
DA:114,0
DA:121,1
DA:122,1
DA:129,1
DA:136,0
DA:137,0
DA:138,0
DA:139,0
DA:140,0
DA:141,0
DA:142,0
DA:143,0
DA:144,0
DA:146,0
DA:151,5
DA:155,1
DA:159,0
DA:163,1
DA:167,0
DA:171,0
DA:175,0
DA:179,5
DA:183,0
LF:44
LH:28
BRDA:73,1,0,1
BRDA:73,1,1,4
BRDA:76,2,0,1
BRDA:76,2,1,3
BRDA:113,3,0,0
BRDA:113,3,1,1
BRDA:143,4,0,0
BRDA:143,4,1,0
BRF:8
BRH:5
end_of_record
TN:
SF:/home/niksome/hh-fcc/hardhat-smart-contract-lottery/contracts/test/VRFCoordinatorV2Mock.sol
FNF:0
FNH:0
LF:0
LH:0
BRF:0
BRH:0
end_of_record
